<?xml version="1.0" encoding="UTF-8"?>
<!-- Generated by org.testng.reporters.JUnitReportReporter -->
<testsuite name="org.dbserver.sicredi.provaSicredi.testCases.CriarEDeletarCustomerTestCase" tests="1" time="12.709" ignored="0" failures="0" timestamp="27 Apr 2020 17:26:44 GMT" skipped="0" hostname="DBS-NOTE-423" errors="0">
  <testcase name="CriarEDeletarCustomer" time="12.709" classname="org.dbserver.sicredi.provaSicredi.testCases.CriarEDeletarCustomerTestCase"/>
</testsuite> <!-- org.dbserver.sicredi.provaSicredi.testCases.CriarEDeletarCustomerTestCase -->
