<?xml version="1.0" encoding="UTF-8"?>
<!-- Generated by org.testng.reporters.JUnitReportReporter -->
<testsuite name="org.dbserver.sicredi.provaSicredi.testCases.CriarNovoCustomerTestCase" tests="1" time="7.684" ignored="0" failures="0" timestamp="27 Apr 2020 17:26:44 GMT" skipped="0" hostname="DBS-NOTE-423" errors="0">
  <testcase name="CriarNovoCustomer" time="7.684" classname="org.dbserver.sicredi.provaSicredi.testCases.CriarNovoCustomerTestCase"/>
</testsuite> <!-- org.dbserver.sicredi.provaSicredi.testCases.CriarNovoCustomerTestCase -->
